{"/Users/dinhmanh/Project/templates/react-base/src/features/auth/hooks/auth-context.ts": {"path":"/Users/dinhmanh/Project/templates/react-base/src/features/auth/hooks/auth-context.ts","statementMap":{"0":{"start":{"line":14,"column":13},"end":{"line":14,"column":80}}},"fnMap":{},"branchMap":{},"s":{"0":1},"f":{},"b":{},"meta":{"lastBranch":0,"lastFunction":0,"lastStatement":1,"seen":{"s:14:13:14:80":0}}}
,"/Users/dinhmanh/Project/templates/react-base/src/features/auth/hooks/auth-provider.tsx": {"path":"/Users/dinhmanh/Project/templates/react-base/src/features/auth/hooks/auth-provider.tsx","statementMap":{"0":{"start":{"line":9,"column":13},"end":{"line":86,"column":null}},"1":{"start":{"line":10,"column":15},"end":{"line":10,"column":57}},"2":{"start":{"line":11,"column":20},"end":{"line":11,"column":50}},"3":{"start":{"line":12,"column":22},"end":{"line":12,"column":34}},"4":{"start":{"line":14,"column":8},"end":{"line":22,"column":8}},"5":{"start":{"line":15,"column":4},"end":{"line":20,"column":null}},"6":{"start":{"line":16,"column":28},"end":{"line":16,"column":52}},"7":{"start":{"line":17,"column":6},"end":{"line":17,"column":null}},"8":{"start":{"line":19,"column":6},"end":{"line":19,"column":null}},"9":{"start":{"line":20,"column":6},"end":{"line":20,"column":null}},"10":{"start":{"line":24,"column":2},"end":{"line":26,"column":null}},"11":{"start":{"line":25,"column":4},"end":{"line":25,"column":null}},"12":{"start":{"line":28,"column":18},"end":{"line":35,"column":null}},"13":{"start":{"line":29,"column":4},"end":{"line":35,"column":null}},"14":{"start":{"line":30,"column":28},"end":{"line":30,"column":47}},"15":{"start":{"line":31,"column":6},"end":{"line":31,"column":null}},"16":{"start":{"line":33,"column":6},"end":{"line":33,"column":null}},"17":{"start":{"line":35,"column":6},"end":{"line":35,"column":null}},"18":{"start":{"line":39,"column":2},"end":{"line":41,"column":null}},"19":{"start":{"line":40,"column":4},"end":{"line":40,"column":null}},"20":{"start":{"line":43,"column":16},"end":{"line":54,"column":null}},"21":{"start":{"line":44,"column":4},"end":{"line":54,"column":null}},"22":{"start":{"line":45,"column":28},"end":{"line":45,"column":61}},"23":{"start":{"line":46,"column":6},"end":{"line":46,"column":null}},"24":{"start":{"line":47,"column":6},"end":{"line":47,"column":null}},"25":{"start":{"line":47,"column":23},"end":{"line":47,"column":null}},"26":{"start":{"line":49,"column":6},"end":{"line":52,"column":null}},"27":{"start":{"line":50,"column":8},"end":{"line":50,"column":null}},"28":{"start":{"line":52,"column":8},"end":{"line":52,"column":null}},"29":{"start":{"line":54,"column":6},"end":{"line":54,"column":null}},"30":{"start":{"line":58,"column":19},"end":{"line":69,"column":null}},"31":{"start":{"line":59,"column":4},"end":{"line":69,"column":null}},"32":{"start":{"line":60,"column":28},"end":{"line":60,"column":57}},"33":{"start":{"line":61,"column":6},"end":{"line":61,"column":null}},"34":{"start":{"line":62,"column":6},"end":{"line":62,"column":null}},"35":{"start":{"line":62,"column":23},"end":{"line":62,"column":null}},"36":{"start":{"line":64,"column":6},"end":{"line":67,"column":null}},"37":{"start":{"line":65,"column":8},"end":{"line":65,"column":null}},"38":{"start":{"line":67,"column":8},"end":{"line":67,"column":null}},"39":{"start":{"line":69,"column":6},"end":{"line":69,"column":null}},"40":{"start":{"line":73,"column":17},"end":{"line":79,"column":null}},"41":{"start":{"line":74,"column":4},"end":{"line":79,"column":null}},"42":{"start":{"line":75,"column":6},"end":{"line":75,"column":null}},"43":{"start":{"line":76,"column":6},"end":{"line":76,"column":null}},"44":{"start":{"line":78,"column":6},"end":{"line":78,"column":null}},"45":{"start":{"line":79,"column":6},"end":{"line":79,"column":null}},"46":{"start":{"line":83,"column":2},"end":{"line":86,"column":null}}},"fnMap":{"0":{"name":"(anonymous_0)","decl":{"start":{"line":9,"column":13},"end":{"line":9,"column":70}},"loc":{"start":{"line":9,"column":87},"end":{"line":86,"column":null}},"line":9},"1":{"name":"(anonymous_1)","decl":{"start":{"line":14,"column":30},"end":{"line":14,"column":42}},"loc":{"start":{"line":14,"column":42},"end":{"line":22,"column":7}},"line":14},"2":{"name":"(anonymous_2)","decl":{"start":{"line":24,"column":2},"end":{"line":24,"column":18}},"loc":{"start":{"line":24,"column":18},"end":{"line":26,"column":6}},"line":24},"3":{"name":"(anonymous_3)","decl":{"start":{"line":28,"column":18},"end":{"line":28,"column":30}},"loc":{"start":{"line":28,"column":30},"end":{"line":35,"column":null}},"line":28},"4":{"name":"(anonymous_4)","decl":{"start":{"line":39,"column":2},"end":{"line":39,"column":18}},"loc":{"start":{"line":39,"column":18},"end":{"line":41,"column":7}},"line":39},"5":{"name":"(anonymous_5)","decl":{"start":{"line":43,"column":16},"end":{"line":43,"column":23}},"loc":{"start":{"line":43,"column":57},"end":{"line":54,"column":null}},"line":43},"6":{"name":"(anonymous_6)","decl":{"start":{"line":58,"column":19},"end":{"line":58,"column":26}},"loc":{"start":{"line":58,"column":52},"end":{"line":69,"column":null}},"line":58},"7":{"name":"(anonymous_7)","decl":{"start":{"line":73,"column":17},"end":{"line":73,"column":29}},"loc":{"start":{"line":73,"column":29},"end":{"line":79,"column":null}},"line":73}},"branchMap":{"0":{"loc":{"start":{"line":47,"column":6},"end":{"line":47,"column":null}},"type":"if","locations":[{"start":{"line":47,"column":6},"end":{"line":47,"column":null}},{"start":{},"end":{}}],"line":47},"1":{"loc":{"start":{"line":49,"column":6},"end":{"line":52,"column":null}},"type":"if","locations":[{"start":{"line":49,"column":6},"end":{"line":52,"column":null}},{"start":{"line":51,"column":13},"end":{"line":52,"column":null}}],"line":49},"2":{"loc":{"start":{"line":62,"column":6},"end":{"line":62,"column":null}},"type":"if","locations":[{"start":{"line":62,"column":6},"end":{"line":62,"column":null}},{"start":{},"end":{}}],"line":62},"3":{"loc":{"start":{"line":64,"column":6},"end":{"line":67,"column":null}},"type":"if","locations":[{"start":{"line":64,"column":6},"end":{"line":67,"column":null}},{"start":{"line":66,"column":13},"end":{"line":67,"column":null}}],"line":64}},"s":{"0":1,"1":10,"2":10,"3":10,"4":10,"5":0,"6":0,"7":0,"8":0,"9":0,"10":10,"11":4,"12":10,"13":4,"14":4,"15":2,"16":2,"17":4,"18":10,"19":4,"20":10,"21":1,"22":1,"23":1,"24":1,"25":1,"26":0,"27":0,"28":0,"29":0,"30":10,"31":0,"32":0,"33":0,"34":0,"35":0,"36":0,"37":0,"38":0,"39":0,"40":10,"41":1,"42":1,"43":1,"44":0,"45":0,"46":10},"f":{"0":10,"1":0,"2":4,"3":4,"4":4,"5":1,"6":0,"7":1},"b":{"0":[1,0],"1":[0,0],"2":[0,0],"3":[0,0]},"meta":{"lastBranch":4,"lastFunction":8,"lastStatement":47,"seen":{"s:9:13:86:Infinity":0,"f:9:13:9:70":0,"s:10:15:10:57":1,"s:11:20:11:50":2,"s:12:22:12:34":3,"s:14:8:22:8":4,"f:14:30:14:42":1,"s:15:4:20:Infinity":5,"s:16:28:16:52":6,"s:17:6:17:Infinity":7,"s:19:6:19:Infinity":8,"s:20:6:20:Infinity":9,"s:24:2:26:Infinity":10,"f:24:2:24:18":2,"s:25:4:25:Infinity":11,"s:28:18:35:Infinity":12,"f:28:18:28:30":3,"s:29:4:35:Infinity":13,"s:30:28:30:47":14,"s:31:6:31:Infinity":15,"s:33:6:33:Infinity":16,"s:35:6:35:Infinity":17,"s:39:2:41:Infinity":18,"f:39:2:39:18":4,"s:40:4:40:Infinity":19,"s:43:16:54:Infinity":20,"f:43:16:43:23":5,"s:44:4:54:Infinity":21,"s:45:28:45:61":22,"s:46:6:46:Infinity":23,"b:47:6:47:Infinity:undefined:undefined:undefined:undefined":0,"s:47:6:47:Infinity":24,"s:47:23:47:Infinity":25,"b:49:6:52:Infinity:51:13:52:Infinity":1,"s:49:6:52:Infinity":26,"s:50:8:50:Infinity":27,"s:52:8:52:Infinity":28,"s:54:6:54:Infinity":29,"s:58:19:69:Infinity":30,"f:58:19:58:26":6,"s:59:4:69:Infinity":31,"s:60:28:60:57":32,"s:61:6:61:Infinity":33,"b:62:6:62:Infinity:undefined:undefined:undefined:undefined":2,"s:62:6:62:Infinity":34,"s:62:23:62:Infinity":35,"b:64:6:67:Infinity:66:13:67:Infinity":3,"s:64:6:67:Infinity":36,"s:65:8:65:Infinity":37,"s:67:8:67:Infinity":38,"s:69:6:69:Infinity":39,"s:73:17:79:Infinity":40,"f:73:17:73:29":7,"s:74:4:79:Infinity":41,"s:75:6:75:Infinity":42,"s:76:6:76:Infinity":43,"s:78:6:78:Infinity":44,"s:79:6:79:Infinity":45,"s:83:2:86:Infinity":46}}}
,"/Users/dinhmanh/Project/templates/react-base/src/features/auth/hooks/use-auth.ts": {"path":"/Users/dinhmanh/Project/templates/react-base/src/features/auth/hooks/use-auth.ts","statementMap":{"0":{"start":{"line":4,"column":13},"end":{"line":9,"column":null}},"1":{"start":{"line":5,"column":8},"end":{"line":5,"column":41}},"2":{"start":{"line":6,"column":2},"end":{"line":7,"column":null}},"3":{"start":{"line":7,"column":4},"end":{"line":7,"column":null}},"4":{"start":{"line":9,"column":2},"end":{"line":9,"column":null}}},"fnMap":{"0":{"name":"(anonymous_0)","decl":{"start":{"line":4,"column":13},"end":{"line":4,"column":29}},"loc":{"start":{"line":4,"column":29},"end":{"line":9,"column":null}},"line":4}},"branchMap":{"0":{"loc":{"start":{"line":6,"column":2},"end":{"line":7,"column":null}},"type":"if","locations":[{"start":{"line":6,"column":2},"end":{"line":7,"column":null}},{"start":{},"end":{}}],"line":6}},"s":{"0":1,"1":10,"2":10,"3":0,"4":10},"f":{"0":10},"b":{"0":[0,10]},"meta":{"lastBranch":1,"lastFunction":1,"lastStatement":5,"seen":{"s:4:13:9:Infinity":0,"f:4:13:4:29":0,"s:5:8:5:41":1,"b:6:2:7:Infinity:undefined:undefined:undefined:undefined":0,"s:6:2:7:Infinity":2,"s:7:4:7:Infinity":3,"s:9:2:9:Infinity":4}}}
,"/Users/dinhmanh/Project/templates/react-base/src/features/auth/pages/login-page.tsx": {"path":"/Users/dinhmanh/Project/templates/react-base/src/features/auth/pages/login-page.tsx","statementMap":{"0":{"start":{"line":11,"column":24},"end":{"line":11,"column":null}},"1":{"start":{"line":13,"column":13},"end":{"line":117,"column":null}},"2":{"start":{"line":14,"column":10},"end":{"line":14,"column":29}},"3":{"start":{"line":15,"column":8},"end":{"line":15,"column":32}},"4":{"start":{"line":16,"column":10},"end":{"line":16,"column":32}},"5":{"start":{"line":17,"column":10},"end":{"line":17,"column":42}},"6":{"start":{"line":22,"column":31},"end":{"line":30,"column":4}},"7":{"start":{"line":32,"column":19},"end":{"line":36,"column":null}},"8":{"start":{"line":33,"column":4},"end":{"line":36,"column":null}},"9":{"start":{"line":34,"column":6},"end":{"line":34,"column":null}},"10":{"start":{"line":35,"column":6},"end":{"line":35,"column":null}},"11":{"start":{"line":41,"column":2},"end":{"line":117,"column":null}},"12":{"start":{"line":56,"column":14},"end":{"line":62,"column":null}},"13":{"start":{"line":72,"column":14},"end":{"line":78,"column":null}},"14":{"start":{"line":95,"column":14},"end":{"line":97,"column":null}},"15":{"start":{"line":95,"column":68},"end":{"line":95,"column":94}}},"fnMap":{"0":{"name":"(anonymous_0)","decl":{"start":{"line":13,"column":13},"end":{"line":13,"column":41}},"loc":{"start":{"line":13,"column":41},"end":{"line":117,"column":null}},"line":13},"1":{"name":"(anonymous_1)","decl":{"start":{"line":32,"column":19},"end":{"line":32,"column":26}},"loc":{"start":{"line":32,"column":55},"end":{"line":36,"column":null}},"line":32},"2":{"name":"(anonymous_2)","decl":{"start":{"line":55,"column":12},"end":{"line":55,"column":21}},"loc":{"start":{"line":56,"column":14},"end":{"line":62,"column":null}},"line":56},"3":{"name":"(anonymous_3)","decl":{"start":{"line":71,"column":12},"end":{"line":71,"column":21}},"loc":{"start":{"line":72,"column":14},"end":{"line":78,"column":null}},"line":72},"4":{"name":"(anonymous_4)","decl":{"start":{"line":94,"column":12},"end":{"line":94,"column":21}},"loc":{"start":{"line":95,"column":14},"end":{"line":97,"column":null}},"line":95},"5":{"name":"(anonymous_5)","decl":{"start":{"line":95,"column":51},"end":{"line":95,"column":62}},"loc":{"start":{"line":95,"column":68},"end":{"line":95,"column":94}},"line":95}},"branchMap":{"0":{"loc":{"start":{"line":51,"column":35},"end":{"line":51,"column":64}},"type":"cond-expr","locations":[{"start":{"line":51,"column":50},"end":{"line":51,"column":60}},{"start":{"line":51,"column":60},"end":{"line":51,"column":64}}],"line":51},"1":{"loc":{"start":{"line":67,"column":35},"end":{"line":67,"column":67}},"type":"cond-expr","locations":[{"start":{"line":67,"column":53},"end":{"line":67,"column":63}},{"start":{"line":67,"column":63},"end":{"line":67,"column":67}}],"line":67}},"s":{"0":1,"1":1,"2":11,"3":11,"4":11,"5":11,"6":11,"7":11,"8":2,"9":2,"10":1,"11":11,"12":13,"13":13,"14":11,"15":0},"f":{"0":11,"1":2,"2":13,"3":13,"4":11,"5":0},"b":{"0":[1,10],"1":[1,10]},"meta":{"lastBranch":2,"lastFunction":6,"lastStatement":16,"seen":{"s:11:24:11:Infinity":0,"s:13:13:117:Infinity":1,"f:13:13:13:41":0,"s:14:10:14:29":2,"s:15:8:15:32":3,"s:16:10:16:32":4,"s:17:10:17:42":5,"s:22:31:30:4":6,"s:32:19:36:Infinity":7,"f:32:19:32:26":1,"s:33:4:36:Infinity":8,"s:34:6:34:Infinity":9,"s:35:6:35:Infinity":10,"s:41:2:117:Infinity":11,"b:51:50:51:60:51:60:51:64":0,"f:55:12:55:21":2,"s:56:14:62:Infinity":12,"b:67:53:67:63:67:63:67:67":1,"f:71:12:71:21":3,"s:72:14:78:Infinity":13,"f:94:12:94:21":4,"s:95:14:97:Infinity":14,"f:95:51:95:62":5,"s:95:68:95:94":15}}}
,"/Users/dinhmanh/Project/templates/react-base/src/features/auth/pages/register-page.tsx": {"path":"/Users/dinhmanh/Project/templates/react-base/src/features/auth/pages/register-page.tsx","statementMap":{"0":{"start":{"line":11,"column":18},"end":{"line":11,"column":null}},"1":{"start":{"line":13,"column":13},"end":{"line":127,"column":null}},"2":{"start":{"line":14,"column":20},"end":{"line":14,"column":46}},"3":{"start":{"line":15,"column":8},"end":{"line":15,"column":32}},"4":{"start":{"line":16,"column":10},"end":{"line":16,"column":32}},"5":{"start":{"line":17,"column":10},"end":{"line":17,"column":45}},"6":{"start":{"line":22,"column":31},"end":{"line":31,"column":4}},"7":{"start":{"line":33,"column":19},"end":{"line":37,"column":null}},"8":{"start":{"line":34,"column":4},"end":{"line":37,"column":null}},"9":{"start":{"line":35,"column":6},"end":{"line":35,"column":null}},"10":{"start":{"line":36,"column":6},"end":{"line":36,"column":null}},"11":{"start":{"line":42,"column":2},"end":{"line":127,"column":null}},"12":{"start":{"line":54,"column":14},"end":{"line":59,"column":null}},"13":{"start":{"line":69,"column":14},"end":{"line":75,"column":null}},"14":{"start":{"line":85,"column":14},"end":{"line":91,"column":null}},"15":{"start":{"line":104,"column":14},"end":{"line":110,"column":null}}},"fnMap":{"0":{"name":"(anonymous_0)","decl":{"start":{"line":13,"column":13},"end":{"line":13,"column":44}},"loc":{"start":{"line":13,"column":44},"end":{"line":127,"column":null}},"line":13},"1":{"name":"(anonymous_1)","decl":{"start":{"line":33,"column":19},"end":{"line":33,"column":26}},"loc":{"start":{"line":33,"column":54},"end":{"line":37,"column":null}},"line":33},"2":{"name":"(anonymous_2)","decl":{"start":{"line":53,"column":12},"end":{"line":53,"column":21}},"loc":{"start":{"line":54,"column":14},"end":{"line":59,"column":null}},"line":54},"3":{"name":"(anonymous_3)","decl":{"start":{"line":68,"column":12},"end":{"line":68,"column":21}},"loc":{"start":{"line":69,"column":14},"end":{"line":75,"column":null}},"line":69},"4":{"name":"(anonymous_4)","decl":{"start":{"line":84,"column":12},"end":{"line":84,"column":21}},"loc":{"start":{"line":85,"column":14},"end":{"line":91,"column":null}},"line":85},"5":{"name":"(anonymous_5)","decl":{"start":{"line":103,"column":12},"end":{"line":103,"column":21}},"loc":{"start":{"line":104,"column":14},"end":{"line":110,"column":null}},"line":104}},"branchMap":{"0":{"loc":{"start":{"line":49,"column":35},"end":{"line":49,"column":63}},"type":"cond-expr","locations":[{"start":{"line":49,"column":49},"end":{"line":49,"column":59}},{"start":{"line":49,"column":59},"end":{"line":49,"column":63}}],"line":49},"1":{"loc":{"start":{"line":64,"column":35},"end":{"line":64,"column":64}},"type":"cond-expr","locations":[{"start":{"line":64,"column":50},"end":{"line":64,"column":60}},{"start":{"line":64,"column":60},"end":{"line":64,"column":64}}],"line":64},"2":{"loc":{"start":{"line":80,"column":35},"end":{"line":80,"column":67}},"type":"cond-expr","locations":[{"start":{"line":80,"column":53},"end":{"line":80,"column":63}},{"start":{"line":80,"column":63},"end":{"line":80,"column":67}}],"line":80},"3":{"loc":{"start":{"line":97,"column":26},"end":{"line":97,"column":null}},"type":"cond-expr","locations":[{"start":{"line":97,"column":57},"end":{"line":97,"column":67}},{"start":{"line":97,"column":67},"end":{"line":97,"column":null}}],"line":97}},"s":{"0":1,"1":1,"2":5,"3":5,"4":5,"5":5,"6":5,"7":5,"8":1,"9":1,"10":1,"11":5,"12":6,"13":6,"14":6,"15":6},"f":{"0":5,"1":1,"2":6,"3":6,"4":6,"5":6},"b":{"0":[0,5],"1":[0,5],"2":[0,5],"3":[0,5]},"meta":{"lastBranch":4,"lastFunction":6,"lastStatement":16,"seen":{"s:11:18:11:Infinity":0,"s:13:13:127:Infinity":1,"f:13:13:13:44":0,"s:14:20:14:46":2,"s:15:8:15:32":3,"s:16:10:16:32":4,"s:17:10:17:45":5,"s:22:31:31:4":6,"s:33:19:37:Infinity":7,"f:33:19:33:26":1,"s:34:4:37:Infinity":8,"s:35:6:35:Infinity":9,"s:36:6:36:Infinity":10,"s:42:2:127:Infinity":11,"b:49:49:49:59:49:59:49:63":0,"f:53:12:53:21":2,"s:54:14:59:Infinity":12,"b:64:50:64:60:64:60:64:64":1,"f:68:12:68:21":3,"s:69:14:75:Infinity":13,"b:80:53:80:63:80:63:80:67":2,"f:84:12:84:21":4,"s:85:14:91:Infinity":14,"b:97:57:97:67:97:67:97:Infinity":3,"f:103:12:103:21":5,"s:104:14:110:Infinity":15}}}
,"/Users/dinhmanh/Project/templates/react-base/src/features/auth/schemas/auth.schema.ts": {"path":"/Users/dinhmanh/Project/templates/react-base/src/features/auth/schemas/auth.schema.ts","statementMap":{"0":{"start":{"line":5,"column":13},"end":{"line":49,"column":null}},"1":{"start":{"line":6,"column":10},"end":{"line":6,"column":32}},"2":{"start":{"line":8,"column":2},"end":{"line":49,"column":null}},"3":{"start":{"line":9,"column":24},"end":{"line":17,"column":6}},"4":{"start":{"line":19,"column":27},"end":{"line":36,"column":8}},"5":{"start":{"line":33,"column":24},"end":{"line":33,"column":70}},"6":{"start":{"line":38,"column":33},"end":{"line":42,"column":6}},"7":{"start":{"line":44,"column":4},"end":{"line":48,"column":null}}},"fnMap":{"0":{"name":"(anonymous_0)","decl":{"start":{"line":5,"column":13},"end":{"line":5,"column":36}},"loc":{"start":{"line":5,"column":36},"end":{"line":49,"column":null}},"line":5},"1":{"name":"(anonymous_1)","decl":{"start":{"line":8,"column":9},"end":{"line":8,"column":23}},"loc":{"start":{"line":8,"column":23},"end":{"line":49,"column":6}},"line":8},"2":{"name":"(anonymous_2)","decl":{"start":{"line":33,"column":7},"end":{"line":33,"column":15}},"loc":{"start":{"line":33,"column":24},"end":{"line":33,"column":70}},"line":33}},"branchMap":{},"s":{"0":2,"1":16,"2":16,"3":16,"4":16,"5":1,"6":16,"7":16},"f":{"0":16,"1":16,"2":1},"b":{},"meta":{"lastBranch":0,"lastFunction":3,"lastStatement":8,"seen":{"s:5:13:49:Infinity":0,"f:5:13:5:36":0,"s:6:10:6:32":1,"s:8:2:49:Infinity":2,"f:8:9:8:23":1,"s:9:24:17:6":3,"s:19:27:36:8":4,"f:33:7:33:15":2,"s:33:24:33:70":5,"s:38:33:42:6":6,"s:44:4:48:Infinity":7}}}
,"/Users/dinhmanh/Project/templates/react-base/src/features/auth/services/factory.ts": {"path":"/Users/dinhmanh/Project/templates/react-base/src/features/auth/services/factory.ts","statementMap":{"0":{"start":{"line":6,"column":44},"end":{"line":6,"column":null}},"1":{"start":{"line":9,"column":4},"end":{"line":9,"column":null}},"2":{"start":{"line":9,"column":23},"end":{"line":9,"column":null}},"3":{"start":{"line":11,"column":19},"end":{"line":11,"column":null}},"4":{"start":{"line":12,"column":18},"end":{"line":12,"column":null}},"5":{"start":{"line":15,"column":4},"end":{"line":15,"column":null}},"6":{"start":{"line":17,"column":4},"end":{"line":17,"column":null}},"7":{"start":{"line":21,"column":37},"end":{"line":21,"column":63}},"8":{"start":{"line":22,"column":24},"end":{"line":22,"column":60}}},"fnMap":{"0":{"name":"(anonymous_0)","decl":{"start":{"line":8,"column":2},"end":{"line":8,"column":9}},"loc":{"start":{"line":8,"column":41},"end":{"line":17,"column":null}},"line":8}},"branchMap":{"0":{"loc":{"start":{"line":9,"column":4},"end":{"line":9,"column":null}},"type":"if","locations":[{"start":{"line":9,"column":4},"end":{"line":9,"column":null}},{"start":{},"end":{}}],"line":9},"1":{"loc":{"start":{"line":15,"column":21},"end":{"line":15,"column":91}},"type":"cond-expr","locations":[{"start":{"line":15,"column":41},"end":{"line":15,"column":65}},{"start":{"line":15,"column":68},"end":{"line":15,"column":91}}],"line":15},"2":{"loc":{"start":{"line":15,"column":21},"end":{"line":15,"column":41}},"type":"binary-expr","locations":[{"start":{"line":15,"column":21},"end":{"line":15,"column":30}},{"start":{"line":15,"column":30},"end":{"line":15,"column":41}}],"line":15}},"s":{"0":1,"1":1,"2":0,"3":1,"4":1,"5":1,"6":1,"7":1,"8":1},"f":{"0":1},"b":{"0":[0,1],"1":[1,0],"2":[1,1]},"meta":{"lastBranch":3,"lastFunction":1,"lastStatement":9,"seen":{"s:6:44:6:Infinity":0,"f:8:2:8:9":0,"b:9:4:9:Infinity:undefined:undefined:undefined:undefined":0,"s:9:4:9:Infinity":1,"s:9:23:9:Infinity":2,"s:11:19:11:Infinity":3,"s:12:18:12:Infinity":4,"s:15:4:15:Infinity":5,"b:15:41:15:65:15:68:15:91":1,"b:15:21:15:30:15:30:15:41":2,"s:17:4:17:Infinity":6,"s:21:37:21:63":7,"s:22:24:22:60":8}}}
,"/Users/dinhmanh/Project/templates/react-base/src/features/auth/services/http-auth-repository.ts": {"path":"/Users/dinhmanh/Project/templates/react-base/src/features/auth/services/http-auth-repository.ts","statementMap":{"0":{"start":{"line":9,"column":4},"end":{"line":9,"column":null}},"1":{"start":{"line":13,"column":4},"end":{"line":13,"column":null}},"2":{"start":{"line":17,"column":4},"end":{"line":17,"column":null}},"3":{"start":{"line":21,"column":4},"end":{"line":21,"column":null}},"4":{"start":{"line":25,"column":4},"end":{"line":25,"column":null}},"5":{"start":{"line":29,"column":4},"end":{"line":29,"column":null}}},"fnMap":{"0":{"name":"(anonymous_0)","decl":{"start":{"line":8,"column":2},"end":{"line":8,"column":9}},"loc":{"start":{"line":8,"column":68},"end":{"line":9,"column":null}},"line":8},"1":{"name":"(anonymous_1)","decl":{"start":{"line":12,"column":2},"end":{"line":12,"column":9}},"loc":{"start":{"line":12,"column":63},"end":{"line":13,"column":null}},"line":12},"2":{"name":"(anonymous_2)","decl":{"start":{"line":16,"column":2},"end":{"line":16,"column":9}},"loc":{"start":{"line":16,"column":67},"end":{"line":17,"column":null}},"line":16},"3":{"name":"(anonymous_3)","decl":{"start":{"line":20,"column":2},"end":{"line":20,"column":9}},"loc":{"start":{"line":20,"column":32},"end":{"line":21,"column":null}},"line":20},"4":{"name":"(anonymous_4)","decl":{"start":{"line":24,"column":2},"end":{"line":24,"column":9}},"loc":{"start":{"line":24,"column":36},"end":{"line":25,"column":null}},"line":24},"5":{"name":"(anonymous_5)","decl":{"start":{"line":28,"column":2},"end":{"line":28,"column":9}},"loc":{"start":{"line":28,"column":41},"end":{"line":29,"column":null}},"line":28}},"branchMap":{},"s":{"0":0,"1":0,"2":0,"3":0,"4":0,"5":0},"f":{"0":0,"1":0,"2":0,"3":0,"4":0,"5":0},"b":{},"meta":{"lastBranch":0,"lastFunction":6,"lastStatement":6,"seen":{"f:8:2:8:9":0,"s:9:4:9:Infinity":0,"f:12:2:12:9":1,"s:13:4:13:Infinity":1,"f:16:2:16:9":2,"s:17:4:17:Infinity":2,"f:20:2:20:9":3,"s:21:4:21:Infinity":3,"f:24:2:24:9":4,"s:25:4:25:Infinity":4,"f:28:2:28:9":5,"s:29:4:29:Infinity":5}}}
,"/Users/dinhmanh/Project/templates/react-base/src/features/auth/services/mock-auth-repository.ts": {"path":"/Users/dinhmanh/Project/templates/react-base/src/features/auth/services/mock-auth-repository.ts","statementMap":{"0":{"start":{"line":15,"column":4},"end":{"line":15,"column":null}},"1":{"start":{"line":19,"column":4},"end":{"line":19,"column":null}},"2":{"start":{"line":23,"column":4},"end":{"line":23,"column":null}},"3":{"start":{"line":27,"column":4},"end":{"line":27,"column":null}},"4":{"start":{"line":31,"column":4},"end":{"line":31,"column":null}},"5":{"start":{"line":35,"column":4},"end":{"line":35,"column":null}}},"fnMap":{"0":{"name":"(anonymous_0)","decl":{"start":{"line":14,"column":15},"end":{"line":14,"column":21}},"loc":{"start":{"line":14,"column":74},"end":{"line":15,"column":null}},"line":14},"1":{"name":"(anonymous_1)","decl":{"start":{"line":18,"column":15},"end":{"line":18,"column":24}},"loc":{"start":{"line":18,"column":69},"end":{"line":19,"column":null}},"line":18},"2":{"name":"(anonymous_2)","decl":{"start":{"line":22,"column":15},"end":{"line":22,"column":30}},"loc":{"start":{"line":22,"column":73},"end":{"line":23,"column":null}},"line":22},"3":{"name":"(anonymous_3)","decl":{"start":{"line":26,"column":15},"end":{"line":26,"column":38}},"loc":{"start":{"line":26,"column":38},"end":{"line":27,"column":null}},"line":26},"4":{"name":"(anonymous_4)","decl":{"start":{"line":30,"column":15},"end":{"line":30,"column":42}},"loc":{"start":{"line":30,"column":42},"end":{"line":31,"column":null}},"line":30},"5":{"name":"(anonymous_5)","decl":{"start":{"line":34,"column":15},"end":{"line":34,"column":47}},"loc":{"start":{"line":34,"column":47},"end":{"line":35,"column":null}},"line":34}},"branchMap":{},"s":{"0":2,"1":1,"2":0,"3":1,"4":1,"5":0},"f":{"0":2,"1":1,"2":0,"3":1,"4":1,"5":0},"b":{},"meta":{"lastBranch":0,"lastFunction":6,"lastStatement":6,"seen":{"f:14:15:14:21":0,"s:15:4:15:Infinity":0,"f:18:15:18:24":1,"s:19:4:19:Infinity":1,"f:22:15:22:30":2,"s:23:4:23:Infinity":2,"f:26:15:26:38":3,"s:27:4:27:Infinity":3,"f:30:15:30:42":4,"s:31:4:31:Infinity":4,"f:34:15:34:47":5,"s:35:4:35:Infinity":5}}}
,"/Users/dinhmanh/Project/templates/react-base/src/features/auth/services/repository.ts": {"path":"/Users/dinhmanh/Project/templates/react-base/src/features/auth/services/repository.ts","statementMap":{},"fnMap":{},"branchMap":{},"s":{},"f":{},"b":{},"meta":{"lastBranch":0,"lastFunction":0,"lastStatement":0,"seen":{}}}
,"/Users/dinhmanh/Project/templates/react-base/src/infra/api/http-adapter.ts": {"path":"/Users/dinhmanh/Project/templates/react-base/src/infra/api/http-adapter.ts","statementMap":{},"fnMap":{},"branchMap":{},"s":{},"f":{},"b":{},"meta":{"lastBranch":0,"lastFunction":0,"lastStatement":0,"seen":{}}}
,"/Users/dinhmanh/Project/templates/react-base/src/infra/api/http-service.ts": {"path":"/Users/dinhmanh/Project/templates/react-base/src/infra/api/http-service.ts","statementMap":{"0":{"start":{"line":8,"column":24},"end":{"line":8,"column":null}},"1":{"start":{"line":11,"column":2},"end":{"line":11,"column":null}},"2":{"start":{"line":19,"column":4},"end":{"line":19,"column":null}},"3":{"start":{"line":20,"column":4},"end":{"line":20,"column":null}},"4":{"start":{"line":24,"column":4},"end":{"line":25,"column":null}},"5":{"start":{"line":25,"column":6},"end":{"line":25,"column":null}},"6":{"start":{"line":27,"column":4},"end":{"line":27,"column":null}},"7":{"start":{"line":31,"column":4},"end":{"line":31,"column":null}},"8":{"start":{"line":38,"column":4},"end":{"line":38,"column":null}},"9":{"start":{"line":45,"column":4},"end":{"line":45,"column":null}},"10":{"start":{"line":52,"column":4},"end":{"line":52,"column":null}},"11":{"start":{"line":60,"column":4},"end":{"line":60,"column":null}},"12":{"start":{"line":67,"column":4},"end":{"line":67,"column":null}},"13":{"start":{"line":71,"column":43},"end":{"line":71,"column":64}},"14":{"start":{"line":72,"column":40},"end":{"line":72,"column":63}},"15":{"start":{"line":74,"column":27},"end":{"line":74,"column":80}}},"fnMap":{"0":{"name":"getApiBaseUrl","decl":{"start":{"line":10,"column":9},"end":{"line":10,"column":33}},"loc":{"start":{"line":10,"column":33},"end":{"line":11,"column":null}},"line":10},"1":{"name":"(anonymous_1)","decl":{"start":{"line":18,"column":2},"end":{"line":18,"column":9}},"loc":{"start":{"line":18,"column":56},"end":{"line":20,"column":null}},"line":18},"2":{"name":"(anonymous_2)","decl":{"start":{"line":23,"column":2},"end":{"line":23,"column":9}},"loc":{"start":{"line":23,"column":66},"end":{"line":27,"column":null}},"line":23},"3":{"name":"(anonymous_3)","decl":{"start":{"line":30,"column":2},"end":{"line":30,"column":9}},"loc":{"start":{"line":30,"column":68},"end":{"line":31,"column":null}},"line":30},"4":{"name":"(anonymous_4)","decl":{"start":{"line":34,"column":2},"end":{"line":34,"column":9}},"loc":{"start":{"line":37,"column":24},"end":{"line":38,"column":null}},"line":37},"5":{"name":"(anonymous_5)","decl":{"start":{"line":41,"column":2},"end":{"line":41,"column":9}},"loc":{"start":{"line":44,"column":24},"end":{"line":45,"column":null}},"line":44},"6":{"name":"(anonymous_6)","decl":{"start":{"line":48,"column":2},"end":{"line":48,"column":9}},"loc":{"start":{"line":51,"column":24},"end":{"line":52,"column":null}},"line":51},"7":{"name":"(anonymous_7)","decl":{"start":{"line":55,"column":2},"end":{"line":55,"column":9}},"loc":{"start":{"line":59,"column":24},"end":{"line":60,"column":null}},"line":59},"8":{"name":"(anonymous_8)","decl":{"start":{"line":63,"column":2},"end":{"line":63,"column":9}},"loc":{"start":{"line":66,"column":24},"end":{"line":67,"column":null}},"line":66}},"branchMap":{"0":{"loc":{"start":{"line":11,"column":9},"end":{"line":11,"column":null}},"type":"binary-expr","locations":[{"start":{"line":11,"column":9},"end":{"line":11,"column":41}},{"start":{"line":11,"column":41},"end":{"line":11,"column":null}}],"line":11},"1":{"loc":{"start":{"line":18,"column":21},"end":{"line":18,"column":54}},"type":"default-arg","locations":[{"start":{"line":18,"column":39},"end":{"line":18,"column":54}}],"line":18},"2":{"loc":{"start":{"line":24,"column":4},"end":{"line":25,"column":null}},"type":"if","locations":[{"start":{"line":24,"column":4},"end":{"line":25,"column":null}},{"start":{},"end":{}}],"line":24}},"s":{"0":2,"1":2,"2":2,"3":2,"4":0,"5":0,"6":0,"7":4,"8":1,"9":0,"10":0,"11":4,"12":0,"13":2,"14":2,"15":2},"f":{"0":2,"1":2,"2":0,"3":4,"4":1,"5":0,"6":0,"7":4,"8":0},"b":{"0":[2,0],"1":[2],"2":[0,0]},"meta":{"lastBranch":3,"lastFunction":9,"lastStatement":16,"seen":{"s:8:24:8:Infinity":0,"f:10:9:10:33":0,"s:11:2:11:Infinity":1,"b:11:9:11:41:11:41:11:Infinity":0,"f:18:2:18:9":1,"b:18:39:18:54":1,"s:19:4:19:Infinity":2,"s:20:4:20:Infinity":3,"f:23:2:23:9":2,"b:24:4:25:Infinity:undefined:undefined:undefined:undefined":2,"s:24:4:25:Infinity":4,"s:25:6:25:Infinity":5,"s:27:4:27:Infinity":6,"f:30:2:30:9":3,"s:31:4:31:Infinity":7,"f:34:2:34:9":4,"s:38:4:38:Infinity":8,"f:41:2:41:9":5,"s:45:4:45:Infinity":9,"f:48:2:48:9":6,"s:52:4:52:Infinity":10,"f:55:2:55:9":7,"s:60:4:60:Infinity":11,"f:63:2:63:9":8,"s:67:4:67:Infinity":12,"s:71:43:71:64":13,"s:72:40:72:63":14,"s:74:27:74:80":15}}}
,"/Users/dinhmanh/Project/templates/react-base/src/infra/api/module.ts": {"path":"/Users/dinhmanh/Project/templates/react-base/src/infra/api/module.ts","statementMap":{"0":{"start":{"line":9,"column":2},"end":{"line":9,"column":null}},"1":{"start":{"line":13,"column":2},"end":{"line":15,"column":null}},"2":{"start":{"line":14,"column":4},"end":{"line":14,"column":null}},"3":{"start":{"line":15,"column":4},"end":{"line":15,"column":null}},"4":{"start":{"line":17,"column":4},"end":{"line":17,"column":null}},"5":{"start":{"line":21,"column":2},"end":{"line":23,"column":null}},"6":{"start":{"line":22,"column":4},"end":{"line":22,"column":null}},"7":{"start":{"line":23,"column":4},"end":{"line":23,"column":null}},"8":{"start":{"line":25,"column":2},"end":{"line":25,"column":null}},"9":{"start":{"line":29,"column":2},"end":{"line":31,"column":null}},"10":{"start":{"line":30,"column":4},"end":{"line":30,"column":null}},"11":{"start":{"line":31,"column":4},"end":{"line":31,"column":null}},"12":{"start":{"line":33,"column":2},"end":{"line":33,"column":null}},"13":{"start":{"line":40,"column":60},"end":{"line":40,"column":null}},"14":{"start":{"line":41,"column":25},"end":{"line":41,"column":null}},"15":{"start":{"line":46,"column":7},"end":{"line":46,"column":9}},"16":{"start":{"line":49,"column":4},"end":{"line":52,"column":null}},"17":{"start":{"line":54,"column":4},"end":{"line":64,"column":null}},"18":{"start":{"line":56,"column":8},"end":{"line":59,"column":null}},"19":{"start":{"line":57,"column":10},"end":{"line":57,"column":null}},"20":{"start":{"line":59,"column":10},"end":{"line":59,"column":null}},"21":{"start":{"line":61,"column":8},"end":{"line":61,"column":null}},"22":{"start":{"line":63,"column":29},"end":{"line":63,"column":50}},"23":{"start":{"line":66,"column":4},"end":{"line":121,"column":null}},"24":{"start":{"line":68,"column":8},"end":{"line":68,"column":null}},"25":{"start":{"line":71,"column":32},"end":{"line":71,"column":null}},"26":{"start":{"line":74,"column":8},"end":{"line":104,"column":null}},"27":{"start":{"line":80,"column":10},"end":{"line":89,"column":null}},"28":{"start":{"line":81,"column":12},"end":{"line":89,"column":null}},"29":{"start":{"line":82,"column":14},"end":{"line":82,"column":null}},"30":{"start":{"line":85,"column":16},"end":{"line":85,"column":null}},"31":{"start":{"line":88,"column":16},"end":{"line":88,"column":null}},"32":{"start":{"line":92,"column":10},"end":{"line":92,"column":null}},"33":{"start":{"line":93,"column":10},"end":{"line":93,"column":null}},"34":{"start":{"line":95,"column":10},"end":{"line":104,"column":null}},"35":{"start":{"line":96,"column":12},"end":{"line":96,"column":null}},"36":{"start":{"line":97,"column":12},"end":{"line":97,"column":null}},"37":{"start":{"line":98,"column":12},"end":{"line":98,"column":null}},"38":{"start":{"line":99,"column":12},"end":{"line":99,"column":null}},"39":{"start":{"line":101,"column":12},"end":{"line":101,"column":null}},"40":{"start":{"line":102,"column":12},"end":{"line":102,"column":null}},"41":{"start":{"line":104,"column":12},"end":{"line":104,"column":null}},"42":{"start":{"line":108,"column":8},"end":{"line":115,"column":null}},"43":{"start":{"line":109,"column":25},"end":{"line":109,"column":null}},"44":{"start":{"line":110,"column":10},"end":{"line":115,"column":null}},"45":{"start":{"line":111,"column":12},"end":{"line":111,"column":null}},"46":{"start":{"line":112,"column":21},"end":{"line":115,"column":null}},"47":{"start":{"line":113,"column":12},"end":{"line":113,"column":null}},"48":{"start":{"line":114,"column":21},"end":{"line":115,"column":null}},"49":{"start":{"line":115,"column":12},"end":{"line":115,"column":null}},"50":{"start":{"line":119,"column":8},"end":{"line":119,"column":null}},"51":{"start":{"line":125,"column":4},"end":{"line":125,"column":null}},"52":{"start":{"line":129,"column":4},"end":{"line":136,"column":null}},"53":{"start":{"line":130,"column":6},"end":{"line":134,"column":null}},"54":{"start":{"line":131,"column":8},"end":{"line":131,"column":null}},"55":{"start":{"line":133,"column":8},"end":{"line":133,"column":null}},"56":{"start":{"line":134,"column":8},"end":{"line":134,"column":null}},"57":{"start":{"line":137,"column":4},"end":{"line":137,"column":null}},"58":{"start":{"line":141,"column":4},"end":{"line":141,"column":null}}},"fnMap":{"0":{"name":"isFormData","decl":{"start":{"line":8,"column":9},"end":{"line":8,"column":20}},"loc":{"start":{"line":8,"column":55},"end":{"line":9,"column":null}},"line":8},"1":{"name":"setContentTypeHeader","decl":{"start":{"line":12,"column":9},"end":{"line":12,"column":30}},"loc":{"start":{"line":12,"column":87},"end":{"line":17,"column":null}},"line":12},"2":{"name":"deleteContentTypeHeader","decl":{"start":{"line":20,"column":9},"end":{"line":20,"column":33}},"loc":{"start":{"line":20,"column":75},"end":{"line":25,"column":null}},"line":20},"3":{"name":"deleteAuthorizationHeader","decl":{"start":{"line":28,"column":9},"end":{"line":28,"column":35}},"loc":{"start":{"line":28,"column":77},"end":{"line":33,"column":null}},"line":28},"4":{"name":"(anonymous_4)","decl":{"start":{"line":48,"column":2},"end":{"line":48,"column":14}},"loc":{"start":{"line":48,"column":56},"end":{"line":121,"column":null}},"line":48},"5":{"name":"(anonymous_5)","decl":{"start":{"line":54,"column":39},"end":{"line":54,"column":null}},"loc":{"start":{"line":55,"column":74},"end":{"line":63,"column":29}},"line":55},"6":{"name":"(anonymous_6)","decl":{"start":{"line":63,"column":7},"end":{"line":63,"column":29}},"loc":{"start":{"line":63,"column":29},"end":{"line":63,"column":50}},"line":63},"7":{"name":"(anonymous_7)","decl":{"start":{"line":66,"column":40},"end":{"line":66,"column":null}},"loc":{"start":{"line":67,"column":50},"end":{"line":70,"column":13}},"line":67},"8":{"name":"(anonymous_8)","decl":{"start":{"line":70,"column":6},"end":{"line":70,"column":13}},"loc":{"start":{"line":70,"column":35},"end":{"line":121,"column":null}},"line":70},"9":{"name":"(anonymous_9)","decl":{"start":{"line":81,"column":23},"end":{"line":81,"column":32}},"loc":{"start":{"line":81,"column":52},"end":{"line":83,"column":null}},"line":81},"10":{"name":"(anonymous_10)","decl":{"start":{"line":84,"column":15},"end":{"line":84,"column":26}},"loc":{"start":{"line":84,"column":26},"end":{"line":86,"column":null}},"line":84},"11":{"name":"(anonymous_11)","decl":{"start":{"line":87,"column":15},"end":{"line":87,"column":22}},"loc":{"start":{"line":87,"column":30},"end":{"line":89,"column":null}},"line":87},"12":{"name":"(anonymous_12)","decl":{"start":{"line":124,"column":2},"end":{"line":124,"column":9}},"loc":{"start":{"line":124,"column":68},"end":{"line":125,"column":null}},"line":124},"13":{"name":"(anonymous_13)","decl":{"start":{"line":128,"column":2},"end":{"line":128,"column":10}},"loc":{"start":{"line":128,"column":50},"end":{"line":137,"column":null}},"line":128},"14":{"name":"(anonymous_14)","decl":{"start":{"line":129,"column":21},"end":{"line":129,"column":30}},"loc":{"start":{"line":129,"column":39},"end":{"line":136,"column":null}},"line":129},"15":{"name":"(anonymous_15)","decl":{"start":{"line":140,"column":2},"end":{"line":140,"column":31}},"loc":{"start":{"line":140,"column":31},"end":{"line":141,"column":null}},"line":140}},"branchMap":{"0":{"loc":{"start":{"line":9,"column":9},"end":{"line":9,"column":null}},"type":"binary-expr","locations":[{"start":{"line":9,"column":9},"end":{"line":9,"column":44}},{"start":{"line":9,"column":44},"end":{"line":9,"column":null}}],"line":9},"1":{"loc":{"start":{"line":13,"column":2},"end":{"line":15,"column":null}},"type":"if","locations":[{"start":{"line":13,"column":2},"end":{"line":15,"column":null}},{"start":{},"end":{}}],"line":13},"2":{"loc":{"start":{"line":21,"column":2},"end":{"line":23,"column":null}},"type":"if","locations":[{"start":{"line":21,"column":2},"end":{"line":23,"column":null}},{"start":{},"end":{}}],"line":21},"3":{"loc":{"start":{"line":29,"column":2},"end":{"line":31,"column":null}},"type":"if","locations":[{"start":{"line":29,"column":2},"end":{"line":31,"column":null}},{"start":{},"end":{}}],"line":29},"4":{"loc":{"start":{"line":48,"column":31},"end":{"line":48,"column":56}},"type":"default-arg","locations":[{"start":{"line":48,"column":49},"end":{"line":48,"column":56}}],"line":48},"5":{"loc":{"start":{"line":56,"column":8},"end":{"line":59,"column":null}},"type":"if","locations":[{"start":{"line":56,"column":8},"end":{"line":59,"column":null}},{"start":{"line":58,"column":15},"end":{"line":59,"column":null}}],"line":56},"6":{"loc":{"start":{"line":74,"column":8},"end":{"line":104,"column":null}},"type":"if","locations":[{"start":{"line":74,"column":8},"end":{"line":104,"column":null}},{"start":{},"end":{}}],"line":74},"7":{"loc":{"start":{"line":75,"column":10},"end":{"line":78,"column":63}},"type":"binary-expr","locations":[{"start":{"line":75,"column":10},"end":{"line":75,"column":null}},{"start":{"line":76,"column":10},"end":{"line":76,"column":null}},{"start":{"line":77,"column":10},"end":{"line":77,"column":null}},{"start":{"line":78,"column":10},"end":{"line":78,"column":63}}],"line":75},"8":{"loc":{"start":{"line":80,"column":10},"end":{"line":89,"column":null}},"type":"if","locations":[{"start":{"line":80,"column":10},"end":{"line":89,"column":null}},{"start":{},"end":{}}],"line":80},"9":{"loc":{"start":{"line":108,"column":8},"end":{"line":115,"column":null}},"type":"if","locations":[{"start":{"line":108,"column":8},"end":{"line":115,"column":null}},{"start":{},"end":{}}],"line":108},"10":{"loc":{"start":{"line":110,"column":10},"end":{"line":115,"column":null}},"type":"if","locations":[{"start":{"line":110,"column":10},"end":{"line":115,"column":null}},{"start":{"line":112,"column":21},"end":{"line":115,"column":null}}],"line":110},"11":{"loc":{"start":{"line":112,"column":21},"end":{"line":115,"column":null}},"type":"if","locations":[{"start":{"line":112,"column":21},"end":{"line":115,"column":null}},{"start":{"line":114,"column":21},"end":{"line":115,"column":null}}],"line":112},"12":{"loc":{"start":{"line":114,"column":21},"end":{"line":115,"column":null}},"type":"if","locations":[{"start":{"line":114,"column":21},"end":{"line":115,"column":null}},{"start":{},"end":{}}],"line":114},"13":{"loc":{"start":{"line":114,"column":21},"end":{"line":114,"column":46}},"type":"binary-expr","locations":[{"start":{"line":114,"column":21},"end":{"line":114,"column":31}},{"start":{"line":114,"column":31},"end":{"line":114,"column":46}}],"line":114},"14":{"loc":{"start":{"line":130,"column":6},"end":{"line":134,"column":null}},"type":"if","locations":[{"start":{"line":130,"column":6},"end":{"line":134,"column":null}},{"start":{"line":132,"column":13},"end":{"line":134,"column":null}}],"line":130}},"s":{"0":7,"1":6,"2":6,"3":6,"4":0,"5":1,"6":1,"7":1,"8":0,"9":1,"10":1,"11":1,"12":0,"13":8,"14":8,"15":8,"16":8,"17":8,"18":7,"19":6,"20":1,"21":7,"22":0,"23":8,"24":4,"25":6,"26":6,"27":1,"28":0,"29":0,"30":0,"31":0,"32":1,"33":1,"34":1,"35":1,"36":1,"37":1,"38":1,"39":0,"40":0,"41":1,"42":5,"43":3,"44":3,"45":1,"46":2,"47":1,"48":1,"49":1,"50":5,"51":6,"52":1,"53":0,"54":0,"55":0,"56":0,"57":1,"58":8},"f":{"0":7,"1":6,"2":1,"3":1,"4":8,"5":7,"6":0,"7":4,"8":6,"9":0,"10":0,"11":0,"12":6,"13":1,"14":0,"15":8},"b":{"0":[7,7],"1":[6,0],"2":[1,0],"3":[1,0],"4":[8],"5":[6,1],"6":[1,5],"7":[6,2,1,1],"8":[0,1],"9":[3,2],"10":[1,2],"11":[1,1],"12":[1,0],"13":[1,1],"14":[0,0]},"meta":{"lastBranch":15,"lastFunction":16,"lastStatement":59,"seen":{"f:8:9:8:20":0,"s:9:2:9:Infinity":0,"b:9:9:9:44:9:44:9:Infinity":0,"f:12:9:12:30":1,"b:13:2:15:Infinity:undefined:undefined:undefined:undefined":1,"s:13:2:15:Infinity":1,"s:14:4:14:Infinity":2,"s:15:4:15:Infinity":3,"s:17:4:17:Infinity":4,"f:20:9:20:33":2,"b:21:2:23:Infinity:undefined:undefined:undefined:undefined":2,"s:21:2:23:Infinity":5,"s:22:4:22:Infinity":6,"s:23:4:23:Infinity":7,"s:25:2:25:Infinity":8,"f:28:9:28:35":3,"b:29:2:31:Infinity:undefined:undefined:undefined:undefined":3,"s:29:2:31:Infinity":9,"s:30:4:30:Infinity":10,"s:31:4:31:Infinity":11,"s:33:2:33:Infinity":12,"s:40:60:40:Infinity":13,"s:41:25:41:Infinity":14,"s:46:7:46:9":15,"f:48:2:48:14":4,"b:48:49:48:56":4,"s:49:4:52:Infinity":16,"s:54:4:64:Infinity":17,"f:54:39:54:Infinity":5,"b:56:8:59:Infinity:58:15:59:Infinity":5,"s:56:8:59:Infinity":18,"s:57:10:57:Infinity":19,"s:59:10:59:Infinity":20,"s:61:8:61:Infinity":21,"f:63:7:63:29":6,"s:63:29:63:50":22,"s:66:4:121:Infinity":23,"f:66:40:66:Infinity":7,"s:68:8:68:Infinity":24,"f:70:6:70:13":8,"s:71:32:71:Infinity":25,"b:74:8:104:Infinity:undefined:undefined:undefined:undefined":6,"s:74:8:104:Infinity":26,"b:75:10:75:Infinity:76:10:76:Infinity:77:10:77:Infinity:78:10:78:63":7,"b:80:10:89:Infinity:undefined:undefined:undefined:undefined":8,"s:80:10:89:Infinity":27,"s:81:12:89:Infinity":28,"f:81:23:81:32":9,"s:82:14:82:Infinity":29,"f:84:15:84:26":10,"s:85:16:85:Infinity":30,"f:87:15:87:22":11,"s:88:16:88:Infinity":31,"s:92:10:92:Infinity":32,"s:93:10:93:Infinity":33,"s:95:10:104:Infinity":34,"s:96:12:96:Infinity":35,"s:97:12:97:Infinity":36,"s:98:12:98:Infinity":37,"s:99:12:99:Infinity":38,"s:101:12:101:Infinity":39,"s:102:12:102:Infinity":40,"s:104:12:104:Infinity":41,"b:108:8:115:Infinity:undefined:undefined:undefined:undefined":9,"s:108:8:115:Infinity":42,"s:109:25:109:Infinity":43,"b:110:10:115:Infinity:112:21:115:Infinity":10,"s:110:10:115:Infinity":44,"s:111:12:111:Infinity":45,"b:112:21:115:Infinity:114:21:115:Infinity":11,"s:112:21:115:Infinity":46,"s:113:12:113:Infinity":47,"b:114:21:115:Infinity:undefined:undefined:undefined:undefined":12,"s:114:21:115:Infinity":48,"b:114:21:114:31:114:31:114:46":13,"s:115:12:115:Infinity":49,"s:119:8:119:Infinity":50,"f:124:2:124:9":12,"s:125:4:125:Infinity":51,"f:128:2:128:10":13,"s:129:4:136:Infinity":52,"f:129:21:129:30":14,"b:130:6:134:Infinity:132:13:134:Infinity":14,"s:130:6:134:Infinity":53,"s:131:8:131:Infinity":54,"s:133:8:133:Infinity":55,"s:134:8:134:Infinity":56,"s:137:4:137:Infinity":57,"f:140:2:140:31":15,"s:141:4:141:Infinity":58}}}
,"/Users/dinhmanh/Project/templates/react-base/src/infra/api/retry/network-retry-policy.ts": {"path":"/Users/dinhmanh/Project/templates/react-base/src/infra/api/retry/network-retry-policy.ts","statementMap":{"0":{"start":{"line":6,"column":29},"end":{"line":6,"column":null}},"1":{"start":{"line":7,"column":30},"end":{"line":7,"column":null}},"2":{"start":{"line":8,"column":29},"end":{"line":8,"column":null}},"3":{"start":{"line":9,"column":29},"end":{"line":9,"column":null}},"4":{"start":{"line":12,"column":2},"end":{"line":13,"column":null}},"5":{"start":{"line":13,"column":4},"end":{"line":13,"column":null}},"6":{"start":{"line":15,"column":2},"end":{"line":16,"column":null}},"7":{"start":{"line":16,"column":4},"end":{"line":16,"column":null}},"8":{"start":{"line":18,"column":2},"end":{"line":19,"column":null}},"9":{"start":{"line":19,"column":4},"end":{"line":19,"column":null}},"10":{"start":{"line":21,"column":2},"end":{"line":21,"column":null}},"11":{"start":{"line":29,"column":27},"end":{"line":29,"column":57}},"12":{"start":{"line":30,"column":29},"end":{"line":30,"column":70}},"13":{"start":{"line":31,"column":2},"end":{"line":31,"column":null}},"14":{"start":{"line":38,"column":30},"end":{"line":38,"column":70}},"15":{"start":{"line":39,"column":2},"end":{"line":40,"column":null}},"16":{"start":{"line":40,"column":4},"end":{"line":40,"column":null}},"17":{"start":{"line":42,"column":31},"end":{"line":42,"column":null}},"18":{"start":{"line":43,"column":29},"end":{"line":43,"column":null}},"19":{"start":{"line":44,"column":29},"end":{"line":44,"column":null}},"20":{"start":{"line":45,"column":29},"end":{"line":45,"column":null}},"21":{"start":{"line":46,"column":2},"end":{"line":46,"column":null}},"22":{"start":{"line":50,"column":2},"end":{"line":51,"column":null}},"23":{"start":{"line":51,"column":4},"end":{"line":51,"column":null}},"24":{"start":{"line":53,"column":47},"end":{"line":53,"column":null}},"25":{"start":{"line":54,"column":2},"end":{"line":54,"column":null}},"26":{"start":{"line":63,"column":32},"end":{"line":63,"column":null}},"27":{"start":{"line":64,"column":4},"end":{"line":65,"column":null}},"28":{"start":{"line":65,"column":6},"end":{"line":65,"column":null}},"29":{"start":{"line":67,"column":4},"end":{"line":68,"column":null}},"30":{"start":{"line":68,"column":6},"end":{"line":68,"column":null}},"31":{"start":{"line":70,"column":4},"end":{"line":71,"column":null}},"32":{"start":{"line":71,"column":6},"end":{"line":71,"column":null}},"33":{"start":{"line":73,"column":32},"end":{"line":73,"column":null}},"34":{"start":{"line":74,"column":31},"end":{"line":74,"column":null}},"35":{"start":{"line":75,"column":32},"end":{"line":75,"column":null}},"36":{"start":{"line":76,"column":28},"end":{"line":76,"column":98}},"37":{"start":{"line":77,"column":4},"end":{"line":77,"column":null}}},"fnMap":{"0":{"name":"getClampedJitterRatio","decl":{"start":{"line":11,"column":9},"end":{"line":11,"column":31}},"loc":{"start":{"line":11,"column":60},"end":{"line":21,"column":null}},"line":11},"1":{"name":"getAttemptDelayMs","decl":{"start":{"line":24,"column":9},"end":{"line":24,"column":27}},"loc":{"start":{"line":28,"column":11},"end":{"line":31,"column":null}},"line":28},"2":{"name":"getJitteredDelayMs","decl":{"start":{"line":34,"column":9},"end":{"line":34,"column":28}},"loc":{"start":{"line":37,"column":11},"end":{"line":46,"column":null}},"line":37},"3":{"name":"isNetworkOrTimeoutError","decl":{"start":{"line":49,"column":9},"end":{"line":49,"column":33}},"loc":{"start":{"line":49,"column":66},"end":{"line":54,"column":null}},"line":49},"4":{"name":"(anonymous_4)","decl":{"start":{"line":58,"column":2},"end":{"line":58,"column":9}},"loc":{"start":{"line":62,"column":20},"end":{"line":77,"column":null}},"line":62}},"branchMap":{"0":{"loc":{"start":{"line":12,"column":2},"end":{"line":13,"column":null}},"type":"if","locations":[{"start":{"line":12,"column":2},"end":{"line":13,"column":null}},{"start":{},"end":{}}],"line":12},"1":{"loc":{"start":{"line":15,"column":2},"end":{"line":16,"column":null}},"type":"if","locations":[{"start":{"line":15,"column":2},"end":{"line":16,"column":null}},{"start":{},"end":{}}],"line":15},"2":{"loc":{"start":{"line":18,"column":2},"end":{"line":19,"column":null}},"type":"if","locations":[{"start":{"line":18,"column":2},"end":{"line":19,"column":null}},{"start":{},"end":{}}],"line":18},"3":{"loc":{"start":{"line":39,"column":2},"end":{"line":40,"column":null}},"type":"if","locations":[{"start":{"line":39,"column":2},"end":{"line":40,"column":null}},{"start":{},"end":{}}],"line":39},"4":{"loc":{"start":{"line":50,"column":2},"end":{"line":51,"column":null}},"type":"if","locations":[{"start":{"line":50,"column":2},"end":{"line":51,"column":null}},{"start":{},"end":{}}],"line":50},"5":{"loc":{"start":{"line":50,"column":6},"end":{"line":50,"column":39}},"type":"binary-expr","locations":[{"start":{"line":50,"column":6},"end":{"line":50,"column":14}},{"start":{"line":50,"column":14},"end":{"line":50,"column":39}}],"line":50},"6":{"loc":{"start":{"line":54,"column":9},"end":{"line":54,"column":null}},"type":"binary-expr","locations":[{"start":{"line":54,"column":9},"end":{"line":54,"column":46}},{"start":{"line":54,"column":50},"end":{"line":54,"column":null}}],"line":54},"7":{"loc":{"start":{"line":63,"column":32},"end":{"line":63,"column":null}},"type":"binary-expr","locations":[{"start":{"line":63,"column":32},"end":{"line":63,"column":61}},{"start":{"line":63,"column":61},"end":{"line":63,"column":null}}],"line":63},"8":{"loc":{"start":{"line":64,"column":4},"end":{"line":65,"column":null}},"type":"if","locations":[{"start":{"line":64,"column":4},"end":{"line":65,"column":null}},{"start":{},"end":{}}],"line":64},"9":{"loc":{"start":{"line":67,"column":4},"end":{"line":68,"column":null}},"type":"if","locations":[{"start":{"line":67,"column":4},"end":{"line":68,"column":null}},{"start":{},"end":{}}],"line":67},"10":{"loc":{"start":{"line":70,"column":4},"end":{"line":71,"column":null}},"type":"if","locations":[{"start":{"line":70,"column":4},"end":{"line":71,"column":null}},{"start":{},"end":{}}],"line":70},"11":{"loc":{"start":{"line":73,"column":32},"end":{"line":73,"column":null}},"type":"binary-expr","locations":[{"start":{"line":73,"column":32},"end":{"line":73,"column":61}},{"start":{"line":73,"column":61},"end":{"line":73,"column":null}}],"line":73},"12":{"loc":{"start":{"line":74,"column":31},"end":{"line":74,"column":null}},"type":"binary-expr","locations":[{"start":{"line":74,"column":31},"end":{"line":74,"column":59}},{"start":{"line":74,"column":59},"end":{"line":74,"column":null}}],"line":74},"13":{"loc":{"start":{"line":75,"column":32},"end":{"line":75,"column":null}},"type":"binary-expr","locations":[{"start":{"line":75,"column":32},"end":{"line":75,"column":61}},{"start":{"line":75,"column":61},"end":{"line":75,"column":null}}],"line":75}},"s":{"0":3,"1":3,"2":3,"3":3,"4":5,"5":0,"6":5,"7":4,"8":1,"9":0,"10":1,"11":5,"12":5,"13":5,"14":5,"15":5,"16":4,"17":1,"18":1,"19":1,"20":1,"21":1,"22":8,"23":0,"24":8,"25":8,"26":10,"27":10,"28":2,"29":8,"30":2,"31":6,"32":1,"33":5,"34":10,"35":10,"36":10,"37":10},"f":{"0":5,"1":5,"2":5,"3":8,"4":10},"b":{"0":[0,5],"1":[4,1],"2":[0,1],"3":[4,1],"4":[0,8],"5":[8,8],"6":[8,7],"7":[10,0],"8":[2,8],"9":[2,6],"10":[1,5],"11":[5,1],"12":[10,4],"13":[10,1]},"meta":{"lastBranch":14,"lastFunction":5,"lastStatement":38,"seen":{"s:6:29:6:Infinity":0,"s:7:30:7:Infinity":1,"s:8:29:8:Infinity":2,"s:9:29:9:Infinity":3,"f:11:9:11:31":0,"b:12:2:13:Infinity:undefined:undefined:undefined:undefined":0,"s:12:2:13:Infinity":4,"s:13:4:13:Infinity":5,"b:15:2:16:Infinity:undefined:undefined:undefined:undefined":1,"s:15:2:16:Infinity":6,"s:16:4:16:Infinity":7,"b:18:2:19:Infinity:undefined:undefined:undefined:undefined":2,"s:18:2:19:Infinity":8,"s:19:4:19:Infinity":9,"s:21:2:21:Infinity":10,"f:24:9:24:27":1,"s:29:27:29:57":11,"s:30:29:30:70":12,"s:31:2:31:Infinity":13,"f:34:9:34:28":2,"s:38:30:38:70":14,"b:39:2:40:Infinity:undefined:undefined:undefined:undefined":3,"s:39:2:40:Infinity":15,"s:40:4:40:Infinity":16,"s:42:31:42:Infinity":17,"s:43:29:43:Infinity":18,"s:44:29:44:Infinity":19,"s:45:29:45:Infinity":20,"s:46:2:46:Infinity":21,"f:49:9:49:33":3,"b:50:2:51:Infinity:undefined:undefined:undefined:undefined":4,"s:50:2:51:Infinity":22,"b:50:6:50:14:50:14:50:39":5,"s:51:4:51:Infinity":23,"s:53:47:53:Infinity":24,"s:54:2:54:Infinity":25,"b:54:9:54:46:54:50:54:Infinity":6,"f:58:2:58:9":4,"s:63:32:63:Infinity":26,"b:63:32:63:61:63:61:63:Infinity":7,"b:64:4:65:Infinity:undefined:undefined:undefined:undefined":8,"s:64:4:65:Infinity":27,"s:65:6:65:Infinity":28,"b:67:4:68:Infinity:undefined:undefined:undefined:undefined":9,"s:67:4:68:Infinity":29,"s:68:6:68:Infinity":30,"b:70:4:71:Infinity:undefined:undefined:undefined:undefined":10,"s:70:4:71:Infinity":31,"s:71:6:71:Infinity":32,"s:73:32:73:Infinity":33,"b:73:32:73:61:73:61:73:Infinity":11,"s:74:31:74:Infinity":34,"b:74:31:74:59:74:59:74:Infinity":12,"s:75:32:75:Infinity":35,"b:75:32:75:61:75:61:75:Infinity":13,"s:76:28:76:98":36,"s:77:4:77:Infinity":37}}}
,"/Users/dinhmanh/Project/templates/react-base/src/infra/api/retry/retrying-http-adapter.ts": {"path":"/Users/dinhmanh/Project/templates/react-base/src/infra/api/retry/retrying-http-adapter.ts","statementMap":{"0":{"start":{"line":21,"column":4},"end":{"line":21,"column":null}},"1":{"start":{"line":22,"column":4},"end":{"line":22,"column":null}},"2":{"start":{"line":23,"column":4},"end":{"line":23,"column":null}},"3":{"start":{"line":27,"column":4},"end":{"line":27,"column":null}},"4":{"start":{"line":31,"column":4},"end":{"line":31,"column":null}},"5":{"start":{"line":39,"column":4},"end":{"line":42,"column":null}},"6":{"start":{"line":40,"column":21},"end":{"line":40,"column":68}},"7":{"start":{"line":50,"column":4},"end":{"line":53,"column":null}},"8":{"start":{"line":51,"column":21},"end":{"line":51,"column":67}},"9":{"start":{"line":61,"column":4},"end":{"line":64,"column":null}},"10":{"start":{"line":62,"column":21},"end":{"line":62,"column":66}},"11":{"start":{"line":73,"column":4},"end":{"line":76,"column":null}},"12":{"start":{"line":74,"column":21},"end":{"line":74,"column":79}},"13":{"start":{"line":84,"column":4},"end":{"line":87,"column":null}},"14":{"start":{"line":85,"column":21},"end":{"line":85,"column":64}},"15":{"start":{"line":94,"column":4},"end":{"line":95,"column":null}},"16":{"start":{"line":95,"column":6},"end":{"line":95,"column":null}},"17":{"start":{"line":97,"column":4},"end":{"line":109,"column":null}},"18":{"start":{"line":97,"column":31},"end":{"line":97,"column":36}},"19":{"start":{"line":98,"column":6},"end":{"line":109,"column":null}},"20":{"start":{"line":99,"column":8},"end":{"line":99,"column":null}},"21":{"start":{"line":101,"column":40},"end":{"line":105,"column":10}},"22":{"start":{"line":106,"column":8},"end":{"line":107,"column":null}},"23":{"start":{"line":107,"column":10},"end":{"line":107,"column":null}},"24":{"start":{"line":109,"column":8},"end":{"line":109,"column":null}}},"fnMap":{"0":{"name":"(anonymous_0)","decl":{"start":{"line":20,"column":2},"end":{"line":20,"column":9}},"loc":{"start":{"line":20,"column":77},"end":{"line":23,"column":null}},"line":20},"1":{"name":"(anonymous_1)","decl":{"start":{"line":26,"column":2},"end":{"line":26,"column":9}},"loc":{"start":{"line":26,"column":66},"end":{"line":27,"column":null}},"line":26},"2":{"name":"(anonymous_2)","decl":{"start":{"line":30,"column":2},"end":{"line":30,"column":9}},"loc":{"start":{"line":30,"column":52},"end":{"line":31,"column":null}},"line":30},"3":{"name":"(anonymous_3)","decl":{"start":{"line":34,"column":2},"end":{"line":34,"column":9}},"loc":{"start":{"line":38,"column":24},"end":{"line":42,"column":null}},"line":38},"4":{"name":"(anonymous_4)","decl":{"start":{"line":40,"column":6},"end":{"line":40,"column":21}},"loc":{"start":{"line":40,"column":21},"end":{"line":40,"column":68}},"line":40},"5":{"name":"(anonymous_5)","decl":{"start":{"line":45,"column":2},"end":{"line":45,"column":9}},"loc":{"start":{"line":49,"column":24},"end":{"line":53,"column":null}},"line":49},"6":{"name":"(anonymous_6)","decl":{"start":{"line":51,"column":6},"end":{"line":51,"column":21}},"loc":{"start":{"line":51,"column":21},"end":{"line":51,"column":67}},"line":51},"7":{"name":"(anonymous_7)","decl":{"start":{"line":56,"column":2},"end":{"line":56,"column":9}},"loc":{"start":{"line":60,"column":24},"end":{"line":64,"column":null}},"line":60},"8":{"name":"(anonymous_8)","decl":{"start":{"line":62,"column":6},"end":{"line":62,"column":21}},"loc":{"start":{"line":62,"column":21},"end":{"line":62,"column":66}},"line":62},"9":{"name":"(anonymous_9)","decl":{"start":{"line":67,"column":2},"end":{"line":67,"column":9}},"loc":{"start":{"line":72,"column":24},"end":{"line":76,"column":null}},"line":72},"10":{"name":"(anonymous_10)","decl":{"start":{"line":74,"column":6},"end":{"line":74,"column":21}},"loc":{"start":{"line":74,"column":21},"end":{"line":74,"column":79}},"line":74},"11":{"name":"(anonymous_11)","decl":{"start":{"line":79,"column":2},"end":{"line":79,"column":9}},"loc":{"start":{"line":83,"column":24},"end":{"line":87,"column":null}},"line":83},"12":{"name":"(anonymous_12)","decl":{"start":{"line":85,"column":6},"end":{"line":85,"column":21}},"loc":{"start":{"line":85,"column":21},"end":{"line":85,"column":64}},"line":85},"13":{"name":"(anonymous_13)","decl":{"start":{"line":90,"column":16},"end":{"line":90,"column":44}},"loc":{"start":{"line":93,"column":25},"end":{"line":109,"column":null}},"line":93}},"branchMap":{"0":{"loc":{"start":{"line":94,"column":4},"end":{"line":95,"column":null}},"type":"if","locations":[{"start":{"line":94,"column":4},"end":{"line":95,"column":null}},{"start":{},"end":{}}],"line":94},"1":{"loc":{"start":{"line":106,"column":8},"end":{"line":107,"column":null}},"type":"if","locations":[{"start":{"line":106,"column":8},"end":{"line":107,"column":null}},{"start":{},"end":{}}],"line":106}},"s":{"0":7,"1":7,"2":7,"3":1,"4":5,"5":5,"6":6,"7":0,"8":0,"9":0,"10":0,"11":4,"12":4,"13":0,"14":0,"15":9,"16":7,"17":2,"18":2,"19":3,"20":3,"21":2,"22":2,"23":1,"24":1},"f":{"0":7,"1":1,"2":5,"3":5,"4":6,"5":0,"6":0,"7":0,"8":0,"9":4,"10":4,"11":0,"12":0,"13":9},"b":{"0":[7,2],"1":[1,1]},"meta":{"lastBranch":2,"lastFunction":14,"lastStatement":25,"seen":{"f:20:2:20:9":0,"s:21:4:21:Infinity":0,"s:22:4:22:Infinity":1,"s:23:4:23:Infinity":2,"f:26:2:26:9":1,"s:27:4:27:Infinity":3,"f:30:2:30:9":2,"s:31:4:31:Infinity":4,"f:34:2:34:9":3,"s:39:4:42:Infinity":5,"f:40:6:40:21":4,"s:40:21:40:68":6,"f:45:2:45:9":5,"s:50:4:53:Infinity":7,"f:51:6:51:21":6,"s:51:21:51:67":8,"f:56:2:56:9":7,"s:61:4:64:Infinity":9,"f:62:6:62:21":8,"s:62:21:62:66":10,"f:67:2:67:9":9,"s:73:4:76:Infinity":11,"f:74:6:74:21":10,"s:74:21:74:79":12,"f:79:2:79:9":11,"s:84:4:87:Infinity":13,"f:85:6:85:21":12,"s:85:21:85:64":14,"f:90:16:90:44":13,"b:94:4:95:Infinity:undefined:undefined:undefined:undefined":0,"s:94:4:95:Infinity":15,"s:95:6:95:Infinity":16,"s:97:4:109:Infinity":17,"s:97:31:97:36":18,"s:98:6:109:Infinity":19,"s:99:8:99:Infinity":20,"s:101:40:105:10":21,"b:106:8:107:Infinity:undefined:undefined:undefined:undefined":1,"s:106:8:107:Infinity":22,"s:107:10:107:Infinity":23,"s:109:8:109:Infinity":24}}}
,"/Users/dinhmanh/Project/templates/react-base/src/infra/api/retry/sleep.ts": {"path":"/Users/dinhmanh/Project/templates/react-base/src/infra/api/retry/sleep.ts","statementMap":{"0":{"start":{"line":5,"column":30},"end":{"line":5,"column":62}},"1":{"start":{"line":6,"column":2},"end":{"line":8,"column":null}},"2":{"start":{"line":7,"column":4},"end":{"line":7,"column":null}}},"fnMap":{"0":{"name":"sleep","decl":{"start":{"line":4,"column":22},"end":{"line":4,"column":28}},"loc":{"start":{"line":4,"column":60},"end":{"line":8,"column":null}},"line":4},"1":{"name":"(anonymous_1)","decl":{"start":{"line":6,"column":12},"end":{"line":6,"column":27}},"loc":{"start":{"line":6,"column":39},"end":{"line":8,"column":null}},"line":6}},"branchMap":{},"s":{"0":0,"1":0,"2":0},"f":{"0":0,"1":0},"b":{},"meta":{"lastBranch":0,"lastFunction":2,"lastStatement":3,"seen":{"f:4:22:4:28":0,"s:5:30:5:62":0,"s:6:2:8:Infinity":1,"f:6:12:6:27":1,"s:7:4:7:Infinity":2}}}
,"/Users/dinhmanh/Project/templates/react-base/src/infra/storage/index.ts": {"path":"/Users/dinhmanh/Project/templates/react-base/src/infra/storage/index.ts","statementMap":{"0":{"start":{"line":13,"column":39},"end":{"line":13,"column":null}},"1":{"start":{"line":16,"column":4},"end":{"line":16,"column":null}},"2":{"start":{"line":20,"column":4},"end":{"line":26,"column":null}},"3":{"start":{"line":22,"column":8},"end":{"line":22,"column":null}},"4":{"start":{"line":24,"column":8},"end":{"line":24,"column":null}},"5":{"start":{"line":26,"column":8},"end":{"line":26,"column":null}},"6":{"start":{"line":31,"column":4},"end":{"line":40,"column":null}},"7":{"start":{"line":33,"column":8},"end":{"line":33,"column":null}},"8":{"start":{"line":34,"column":8},"end":{"line":34,"column":null}},"9":{"start":{"line":36,"column":8},"end":{"line":36,"column":null}},"10":{"start":{"line":37,"column":8},"end":{"line":37,"column":null}},"11":{"start":{"line":39,"column":8},"end":{"line":39,"column":null}},"12":{"start":{"line":40,"column":8},"end":{"line":40,"column":null}},"13":{"start":{"line":45,"column":4},"end":{"line":54,"column":null}},"14":{"start":{"line":47,"column":8},"end":{"line":47,"column":null}},"15":{"start":{"line":48,"column":8},"end":{"line":48,"column":null}},"16":{"start":{"line":50,"column":8},"end":{"line":50,"column":null}},"17":{"start":{"line":51,"column":8},"end":{"line":51,"column":null}},"18":{"start":{"line":53,"column":8},"end":{"line":53,"column":null}},"19":{"start":{"line":54,"column":8},"end":{"line":54,"column":null}},"20":{"start":{"line":59,"column":4},"end":{"line":65,"column":null}},"21":{"start":{"line":61,"column":8},"end":{"line":61,"column":null}},"22":{"start":{"line":62,"column":8},"end":{"line":62,"column":null}},"23":{"start":{"line":64,"column":8},"end":{"line":64,"column":null}},"24":{"start":{"line":65,"column":8},"end":{"line":65,"column":null}},"25":{"start":{"line":70,"column":28},"end":{"line":70,"column":57}},"26":{"start":{"line":71,"column":30},"end":{"line":71,"column":59}},"27":{"start":{"line":72,"column":29},"end":{"line":72,"column":57}}},"fnMap":{"0":{"name":"(anonymous_0)","decl":{"start":{"line":15,"column":2},"end":{"line":15,"column":14}},"loc":{"start":{"line":15,"column":33},"end":{"line":16,"column":null}},"line":15},"1":{"name":"(anonymous_1)","decl":{"start":{"line":19,"column":2},"end":{"line":19,"column":13}},"loc":{"start":{"line":19,"column":41},"end":{"line":26,"column":null}},"line":19},"2":{"name":"(anonymous_2)","decl":{"start":{"line":30,"column":2},"end":{"line":30,"column":16}},"loc":{"start":{"line":30,"column":35},"end":{"line":40,"column":null}},"line":30},"3":{"name":"(anonymous_3)","decl":{"start":{"line":44,"column":2},"end":{"line":44,"column":13}},"loc":{"start":{"line":44,"column":47},"end":{"line":54,"column":null}},"line":44},"4":{"name":"(anonymous_4)","decl":{"start":{"line":58,"column":2},"end":{"line":58,"column":23}},"loc":{"start":{"line":58,"column":23},"end":{"line":65,"column":null}},"line":58}},"branchMap":{"0":{"loc":{"start":{"line":20,"column":4},"end":{"line":26,"column":null}},"type":"switch","locations":[{"start":{"line":21,"column":6},"end":{"line":22,"column":null}},{"start":{"line":23,"column":6},"end":{"line":24,"column":null}},{"start":{"line":25,"column":6},"end":{"line":26,"column":null}}],"line":20},"1":{"loc":{"start":{"line":22,"column":15},"end":{"line":22,"column":null}},"type":"binary-expr","locations":[{"start":{"line":22,"column":15},"end":{"line":22,"column":31}},{"start":{"line":22,"column":35},"end":{"line":22,"column":null}}],"line":22},"2":{"loc":{"start":{"line":31,"column":4},"end":{"line":40,"column":null}},"type":"switch","locations":[{"start":{"line":32,"column":6},"end":{"line":34,"column":null}},{"start":{"line":35,"column":6},"end":{"line":37,"column":null}},{"start":{"line":38,"column":6},"end":{"line":40,"column":null}}],"line":31},"3":{"loc":{"start":{"line":45,"column":4},"end":{"line":54,"column":null}},"type":"switch","locations":[{"start":{"line":46,"column":6},"end":{"line":48,"column":null}},{"start":{"line":49,"column":6},"end":{"line":51,"column":null}},{"start":{"line":52,"column":6},"end":{"line":54,"column":null}}],"line":45},"4":{"loc":{"start":{"line":59,"column":4},"end":{"line":65,"column":null}},"type":"switch","locations":[{"start":{"line":60,"column":6},"end":{"line":62,"column":null}},{"start":{"line":63,"column":6},"end":{"line":65,"column":null}}],"line":59}},"s":{"0":3,"1":3,"2":4,"3":2,"4":1,"5":1,"6":3,"7":1,"8":1,"9":1,"10":1,"11":1,"12":1,"13":3,"14":1,"15":1,"16":1,"17":1,"18":1,"19":1,"20":2,"21":1,"22":1,"23":1,"24":1,"25":1,"26":1,"27":1},"f":{"0":3,"1":4,"2":3,"3":3,"4":2},"b":{"0":[2,1,1],"1":[2,1],"2":[1,1,1],"3":[1,1,1],"4":[1,1]},"meta":{"lastBranch":5,"lastFunction":5,"lastStatement":28,"seen":{"s:13:39:13:Infinity":0,"f:15:2:15:14":0,"s:16:4:16:Infinity":1,"f:19:2:19:13":1,"b:21:6:22:Infinity:23:6:24:Infinity:25:6:26:Infinity":0,"s:20:4:26:Infinity":2,"s:22:8:22:Infinity":3,"b:22:15:22:31:22:35:22:Infinity":1,"s:24:8:24:Infinity":4,"s:26:8:26:Infinity":5,"f:30:2:30:16":2,"b:32:6:34:Infinity:35:6:37:Infinity:38:6:40:Infinity":2,"s:31:4:40:Infinity":6,"s:33:8:33:Infinity":7,"s:34:8:34:Infinity":8,"s:36:8:36:Infinity":9,"s:37:8:37:Infinity":10,"s:39:8:39:Infinity":11,"s:40:8:40:Infinity":12,"f:44:2:44:13":3,"b:46:6:48:Infinity:49:6:51:Infinity:52:6:54:Infinity":3,"s:45:4:54:Infinity":13,"s:47:8:47:Infinity":14,"s:48:8:48:Infinity":15,"s:50:8:50:Infinity":16,"s:51:8:51:Infinity":17,"s:53:8:53:Infinity":18,"s:54:8:54:Infinity":19,"f:58:2:58:23":4,"b:60:6:62:Infinity:63:6:65:Infinity":4,"s:59:4:65:Infinity":20,"s:61:8:61:Infinity":21,"s:62:8:62:Infinity":22,"s:64:8:64:Infinity":23,"s:65:8:65:Infinity":24,"s:70:28:70:57":25,"s:71:30:71:59":26,"s:72:29:72:57":27}}}
}
