{"total": {"lines":{"total":278,"covered":218,"skipped":0,"pct":78.41},"statements":{"total":283,"covered":220,"skipped":0,"pct":77.73},"functions":{"total":88,"covered":60,"skipped":0,"pct":68.18},"branches":{"total":109,"covered":81,"skipped":0,"pct":74.31},"branchesTrue":{"total":0,"covered":0,"skipped":0,"pct":100}}
,"/Users/dinhmanh/Project/templates/react-base/src/features/auth/hooks/auth-context.ts": {"lines":{"total":1,"covered":1,"skipped":0,"pct":100},"functions":{"total":0,"covered":0,"skipped":0,"pct":100},"statements":{"total":1,"covered":1,"skipped":0,"pct":100},"branches":{"total":0,"covered":0,"skipped":0,"pct":100}}
,"/Users/dinhmanh/Project/templates/react-base/src/features/auth/hooks/auth-provider.tsx": {"lines":{"total":45,"covered":26,"skipped":0,"pct":57.77},"functions":{"total":8,"covered":6,"skipped":0,"pct":75},"statements":{"total":47,"covered":27,"skipped":0,"pct":57.44},"branches":{"total":8,"covered":1,"skipped":0,"pct":12.5}}
,"/Users/dinhmanh/Project/templates/react-base/src/features/auth/hooks/use-auth.ts": {"lines":{"total":5,"covered":4,"skipped":0,"pct":80},"functions":{"total":1,"covered":1,"skipped":0,"pct":100},"statements":{"total":5,"covered":4,"skipped":0,"pct":80},"branches":{"total":2,"covered":1,"skipped":0,"pct":50}}
,"/Users/dinhmanh/Project/templates/react-base/src/features/auth/pages/login-page.tsx": {"lines":{"total":15,"covered":15,"skipped":0,"pct":100},"functions":{"total":6,"covered":5,"skipped":0,"pct":83.33},"statements":{"total":16,"covered":15,"skipped":0,"pct":93.75},"branches":{"total":4,"covered":4,"skipped":0,"pct":100}}
,"/Users/dinhmanh/Project/templates/react-base/src/features/auth/pages/register-page.tsx": {"lines":{"total":16,"covered":16,"skipped":0,"pct":100},"functions":{"total":6,"covered":6,"skipped":0,"pct":100},"statements":{"total":16,"covered":16,"skipped":0,"pct":100},"branches":{"total":8,"covered":4,"skipped":0,"pct":50}}
,"/Users/dinhmanh/Project/templates/react-base/src/features/auth/schemas/auth.schema.ts": {"lines":{"total":8,"covered":8,"skipped":0,"pct":100},"functions":{"total":3,"covered":3,"skipped":0,"pct":100},"statements":{"total":8,"covered":8,"skipped":0,"pct":100},"branches":{"total":0,"covered":0,"skipped":0,"pct":100}}
,"/Users/dinhmanh/Project/templates/react-base/src/features/auth/services/factory.ts": {"lines":{"total":8,"covered":8,"skipped":0,"pct":100},"functions":{"total":1,"covered":1,"skipped":0,"pct":100},"statements":{"total":9,"covered":8,"skipped":0,"pct":88.88},"branches":{"total":6,"covered":4,"skipped":0,"pct":66.66}}
,"/Users/dinhmanh/Project/templates/react-base/src/features/auth/services/http-auth-repository.ts": {"lines":{"total":6,"covered":0,"skipped":0,"pct":0},"functions":{"total":6,"covered":0,"skipped":0,"pct":0},"statements":{"total":6,"covered":0,"skipped":0,"pct":0},"branches":{"total":0,"covered":0,"skipped":0,"pct":100}}
,"/Users/dinhmanh/Project/templates/react-base/src/features/auth/services/mock-auth-repository.ts": {"lines":{"total":6,"covered":4,"skipped":0,"pct":66.66},"functions":{"total":6,"covered":4,"skipped":0,"pct":66.66},"statements":{"total":6,"covered":4,"skipped":0,"pct":66.66},"branches":{"total":0,"covered":0,"skipped":0,"pct":100}}
,"/Users/dinhmanh/Project/templates/react-base/src/features/auth/services/repository.ts": {"lines":{"total":0,"covered":0,"skipped":0,"pct":0},"functions":{"total":0,"covered":0,"skipped":0,"pct":0},"statements":{"total":0,"covered":0,"skipped":0,"pct":0},"branches":{"total":0,"covered":0,"skipped":0,"pct":0}}
,"/Users/dinhmanh/Project/templates/react-base/src/infra/api/http-adapter.ts": {"lines":{"total":0,"covered":0,"skipped":0,"pct":0},"functions":{"total":0,"covered":0,"skipped":0,"pct":0},"statements":{"total":0,"covered":0,"skipped":0,"pct":0},"branches":{"total":0,"covered":0,"skipped":0,"pct":0}}
,"/Users/dinhmanh/Project/templates/react-base/src/infra/api/http-service.ts": {"lines":{"total":16,"covered":10,"skipped":0,"pct":62.5},"functions":{"total":9,"covered":5,"skipped":0,"pct":55.55},"statements":{"total":16,"covered":10,"skipped":0,"pct":62.5},"branches":{"total":5,"covered":2,"skipped":0,"pct":40}}
,"/Users/dinhmanh/Project/templates/react-base/src/infra/api/module.ts": {"lines":{"total":59,"covered":45,"skipped":0,"pct":76.27},"functions":{"total":16,"covered":11,"skipped":0,"pct":68.75},"statements":{"total":59,"covered":45,"skipped":0,"pct":76.27},"branches":{"total":31,"covered":24,"skipped":0,"pct":77.41}}
,"/Users/dinhmanh/Project/templates/react-base/src/infra/api/retry/network-retry-policy.ts": {"lines":{"total":38,"covered":35,"skipped":0,"pct":92.1},"functions":{"total":5,"covered":5,"skipped":0,"pct":100},"statements":{"total":38,"covered":35,"skipped":0,"pct":92.1},"branches":{"total":28,"covered":24,"skipped":0,"pct":85.71}}
,"/Users/dinhmanh/Project/templates/react-base/src/infra/api/retry/retrying-http-adapter.ts": {"lines":{"total":24,"covered":18,"skipped":0,"pct":75},"functions":{"total":14,"covered":8,"skipped":0,"pct":57.14},"statements":{"total":25,"covered":19,"skipped":0,"pct":76},"branches":{"total":4,"covered":4,"skipped":0,"pct":100}}
,"/Users/dinhmanh/Project/templates/react-base/src/infra/api/retry/sleep.ts": {"lines":{"total":3,"covered":0,"skipped":0,"pct":0},"functions":{"total":2,"covered":0,"skipped":0,"pct":0},"statements":{"total":3,"covered":0,"skipped":0,"pct":0},"branches":{"total":0,"covered":0,"skipped":0,"pct":100}}
,"/Users/dinhmanh/Project/templates/react-base/src/infra/storage/index.ts": {"lines":{"total":28,"covered":28,"skipped":0,"pct":100},"functions":{"total":5,"covered":5,"skipped":0,"pct":100},"statements":{"total":28,"covered":28,"skipped":0,"pct":100},"branches":{"total":13,"covered":13,"skipped":0,"pct":100}}
}
